<?xml version="1.0" encoding="UTF-8"?>
<testsuite xmlns:xsi="http://www.w3.org/2001/XMLSchema-instance" xsi:noNamespaceSchemaLocation="https://maven.apache.org/surefire/maven-surefire-plugin/xsd/surefire-test-report.xsd" name="CP.CP_Test" time="1.306" tests="6" errors="0" skipped="5" failures="1">
  <properties>
[...]
</properties>
  <testcase name="beforeMethod" classname="CP.CP_Test" time="0.949">
    <failure message="&#10;Parameter &apos;brow&apos; is required by BeforeMethod on method beforeMethod but has not been marked @Optional or defined&#10;" type="org.testng.TestNGException">org.testng.TestNGException: 

Parameter 'brow' is required by BeforeMethod on method beforeMethod but has not been marked @Optional or defined

</failure>
  </testcase>
  <testcase name="beforeMethod" classname="CP.CP_Test" time="0">
    <skipped/>
  </testcase>
  <testcase name="registration_with_valid_data" classname="CP.CP_Test" time="0">
    <skipped message="&#10;Parameter &apos;brow&apos; is required by BeforeMethod on method beforeMethod but has not been marked @Optional or defined&#10;"/>
  </testcase>
  <testcase name="afterMethod" classname="CP.CP_Test" time="0">
    <skipped/>
  </testcase>
  <testcase name="afterMethod" classname="CP.CP_Test" time="0">
    <skipped/>
  </testcase>
  <testcase name="ReTypeWrongPass" classname="CP.CP_Test" time="0">
    <skipped message="&#10;Parameter &apos;brow&apos; is required by BeforeMethod on method beforeMethod but has not been marked @Optional or defined&#10;"/>
  </testcase>
</testsuite>