<?xml version="1.0" encoding="UTF-8"?>
<testng-results ignored="3" total="6" passed="3" failed="0" skipped="0">
  <reporter-output>
  </reporter-output>
  <suite started-at="2024-02-21T10:28:06 EST" name="regression" finished-at="2024-02-21T10:28:29 EST" duration-ms="22724">
    <groups>
      <group name="reg">
        <method signature="TestClassCP.registration_with_valid_data(java.lang.String,java.lang.String)[pri:1, instance:CP.TestClassCP@16aa0a0a]" name="registration_with_valid_data" class="CP.TestClassCP"/>
        <method signature="TestClassCP.registration_with_valid_data(java.lang.String,java.lang.String)[pri:1, instance:CP.TestClassCP@37918c79]" name="registration_with_valid_data" class="CP.TestClassCP"/>
        <method signature="TestClassCP.registration_with_valid_data(java.lang.String,java.lang.String)[pri:1, instance:CP.TestClassCP@ec756bd]" name="registration_with_valid_data" class="CP.TestClassCP"/>
      </group> <!-- reg -->
    </groups>
    <test started-at="2024-02-21T10:28:06 EST" name="test3" finished-at="2024-02-21T10:28:27 EST" duration-ms="20510">
      <class name="CP.TestClassCP">
        <test-method is-config="true" signature="beforeMethod(java.lang.String)[pri:0, instance:CP.TestClassCP@ec756bd]" started-at="2024-02-21T10:28:06 EST" name="beforeMethod" finished-at="2024-02-21T10:28:10 EST" duration-ms="3600" status="PASS">
          <params>
            <param index="0">
              <value>
                <![CDATA[Chrome]]>
              </value>
            </param>
          </params>
          <reporter-output>
          </reporter-output>
        </test-method> <!-- beforeMethod -->
        <test-method signature="registration_with_valid_data(java.lang.String,java.lang.String)[pri:1, instance:CP.TestClassCP@ec756bd]" started-at="2024-02-21T10:28:10 EST" name="registration_with_valid_data" description="registration_with_valid_data passed, reg test" finished-at="2024-02-21T10:28:26 EST" duration-ms="16299" status="PASS">
          <params>
            <param index="0">
              <value>
                <![CDATA[Abd]]>
              </value>
            </param>
            <param index="1">
              <value>
                <![CDATA[shantaf]]>
              </value>
            </param>
          </params>
          <reporter-output>
          </reporter-output>
        </test-method> <!-- registration_with_valid_data -->
        <test-method is-config="true" signature="afterMethod()[pri:0, instance:CP.TestClassCP@ec756bd]" started-at="2024-02-21T10:28:26 EST" name="afterMethod" finished-at="2024-02-21T10:28:27 EST" duration-ms="537" status="PASS">
          <reporter-output>
          </reporter-output>
        </test-method> <!-- afterMethod -->
      </class> <!-- CP.TestClassCP -->
    </test> <!-- test3 -->
    <test started-at="2024-02-21T10:28:06 EST" name="test1" finished-at="2024-02-21T10:28:27 EST" duration-ms="20510">
      <class name="CP.TestClassCP">
        <test-method is-config="true" signature="beforeMethod(java.lang.String)[pri:0, instance:CP.TestClassCP@16aa0a0a]" started-at="2024-02-21T10:28:06 EST" name="beforeMethod" finished-at="2024-02-21T10:28:13 EST" duration-ms="6251" status="PASS">
          <params>
            <param index="0">
              <value>
                <![CDATA[edge]]>
              </value>
            </param>
          </params>
          <reporter-output>
          </reporter-output>
        </test-method> <!-- beforeMethod -->
        <test-method signature="registration_with_valid_data(java.lang.String,java.lang.String)[pri:1, instance:CP.TestClassCP@16aa0a0a]" started-at="2024-02-21T10:28:13 EST" name="registration_with_valid_data" description="registration_with_valid_data passed, reg test" finished-at="2024-02-21T10:28:25 EST" duration-ms="12535" status="PASS">
          <params>
            <param index="0">
              <value>
                <![CDATA[Mohamed]]>
              </value>
            </param>
            <param index="1">
              <value>
                <![CDATA[elsh]]>
              </value>
            </param>
          </params>
          <reporter-output>
          </reporter-output>
        </test-method> <!-- registration_with_valid_data -->
        <test-method is-config="true" signature="afterMethod()[pri:0, instance:CP.TestClassCP@16aa0a0a]" started-at="2024-02-21T10:28:25 EST" name="afterMethod" finished-at="2024-02-21T10:28:27 EST" duration-ms="1642" status="PASS">
          <reporter-output>
          </reporter-output>
        </test-method> <!-- afterMethod -->
      </class> <!-- CP.TestClassCP -->
    </test> <!-- test1 -->
    <test started-at="2024-02-21T10:28:06 EST" name="test2" finished-at="2024-02-21T10:28:29 EST" duration-ms="22724">
      <class name="CP.TestClassCP">
        <test-method is-config="true" signature="beforeMethod(java.lang.String)[pri:0, instance:CP.TestClassCP@37918c79]" started-at="2024-02-21T10:28:06 EST" name="beforeMethod" finished-at="2024-02-21T10:28:22 EST" duration-ms="15704" status="PASS">
          <params>
            <param index="0">
              <value>
                <![CDATA[Firefox]]>
              </value>
            </param>
          </params>
          <reporter-output>
          </reporter-output>
        </test-method> <!-- beforeMethod -->
        <test-method signature="registration_with_valid_data(java.lang.String,java.lang.String)[pri:1, instance:CP.TestClassCP@37918c79]" started-at="2024-02-21T10:28:22 EST" name="registration_with_valid_data" description="registration_with_valid_data passed, reg test" finished-at="2024-02-21T10:28:27 EST" duration-ms="4676" status="PASS">
          <params>
            <param index="0">
              <value>
                <![CDATA[Ahmad]]>
              </value>
            </param>
            <param index="1">
              <value>
                <![CDATA[hassan]]>
              </value>
            </param>
          </params>
          <reporter-output>
          </reporter-output>
        </test-method> <!-- registration_with_valid_data -->
        <test-method is-config="true" signature="afterMethod()[pri:0, instance:CP.TestClassCP@37918c79]" started-at="2024-02-21T10:28:27 EST" name="afterMethod" finished-at="2024-02-21T10:28:29 EST" duration-ms="2276" status="PASS">
          <reporter-output>
          </reporter-output>
        </test-method> <!-- afterMethod -->
      </class> <!-- CP.TestClassCP -->
    </test> <!-- test2 -->
  </suite> <!-- regression -->
</testng-results>
