<?xml version="1.0" encoding="UTF-8"?>
<testng-results ignored="0" total="2" passed="2" failed="0" skipped="0">
  <reporter-output>
  </reporter-output>
  <suite started-at="2024-02-16T10:27:52 EST" name="Surefire suite" finished-at="2024-02-16T10:28:04 EST" duration-ms="11567">
    <groups>
    </groups>
    <test started-at="2024-02-16T10:27:52 EST" name="Surefire test" finished-at="2024-02-16T10:28:04 EST" duration-ms="11567">
      <class name="CP.CP_Test">
        <test-method is-config="true" signature="beforeMethod()[pri:0, instance:CP.CP_Test@f4168b8]" started-at="2024-02-16T10:27:52 EST" name="beforeMethod" finished-at="2024-02-16T10:27:56 EST" duration-ms="3345" status="PASS">
          <reporter-output>
          </reporter-output>
        </test-method> <!-- beforeMethod -->
        <test-method signature="registration_with_valid_data()[pri:1, instance:CP.CP_Test@f4168b8]" started-at="2024-02-16T10:27:56 EST" name="registration_with_valid_data" finished-at="2024-02-16T10:27:58 EST" duration-ms="2803" status="PASS">
          <reporter-output>
          </reporter-output>
        </test-method> <!-- registration_with_valid_data -->
        <test-method is-config="true" signature="afterMethod()[pri:0, instance:CP.CP_Test@f4168b8]" started-at="2024-02-16T10:27:58 EST" name="afterMethod" finished-at="2024-02-16T10:27:59 EST" duration-ms="98" status="PASS">
          <reporter-output>
          </reporter-output>
        </test-method> <!-- afterMethod -->
        <test-method is-config="true" signature="beforeMethod()[pri:0, instance:CP.CP_Test@f4168b8]" started-at="2024-02-16T10:27:59 EST" name="beforeMethod" finished-at="2024-02-16T10:28:01 EST" duration-ms="2425" status="PASS">
          <reporter-output>
          </reporter-output>
        </test-method> <!-- beforeMethod -->
        <test-method signature="ReTypeWrongPass()[pri:2, instance:CP.CP_Test@f4168b8]" started-at="2024-02-16T10:28:01 EST" name="ReTypeWrongPass" finished-at="2024-02-16T10:28:04 EST" duration-ms="2720" status="PASS">
          <reporter-output>
          </reporter-output>
        </test-method> <!-- ReTypeWrongPass -->
        <test-method is-config="true" signature="afterMethod()[pri:0, instance:CP.CP_Test@f4168b8]" started-at="2024-02-16T10:28:04 EST" name="afterMethod" finished-at="2024-02-16T10:28:04 EST" duration-ms="124" status="PASS">
          <reporter-output>
          </reporter-output>
        </test-method> <!-- afterMethod -->
      </class> <!-- CP.CP_Test -->
    </test> <!-- Surefire test -->
  </suite> <!-- Surefire suite -->
</testng-results>
