<?xml version="1.0" encoding="UTF-8"?>
<testng-results ignored="3" total="6" passed="3" failed="0" skipped="0">
  <reporter-output>
  </reporter-output>
  <suite started-at="2024-02-21T10:02:02 EST" name="regression" finished-at="2024-02-21T10:02:15 EST" duration-ms="12836">
    <groups>
      <group name="reg">
        <method signature="TestClassCP.registration_with_valid_data(java.lang.String,java.lang.String)[pri:1, instance:CP.TestClassCP@247d8ae]" name="registration_with_valid_data" class="CP.TestClassCP"/>
        <method signature="TestClassCP.registration_with_valid_data(java.lang.String,java.lang.String)[pri:1, instance:CP.TestClassCP@434a63ab]" name="registration_with_valid_data" class="CP.TestClassCP"/>
        <method signature="TestClassCP.registration_with_valid_data(java.lang.String,java.lang.String)[pri:1, instance:CP.TestClassCP@3a44431a]" name="registration_with_valid_data" class="CP.TestClassCP"/>
      </group> <!-- reg -->
    </groups>
    <test started-at="2024-02-21T10:02:02 EST" name="test1" finished-at="2024-02-21T10:02:13 EST" duration-ms="11095">
      <class name="CP.TestClassCP">
        <test-method is-config="true" signature="beforeMethod(java.lang.String)[pri:0, instance:CP.TestClassCP@247d8ae]" started-at="2024-02-21T10:02:02 EST" name="beforeMethod" finished-at="2024-02-21T10:02:08 EST" duration-ms="5331" status="PASS">
          <params>
            <param index="0">
              <value>
                <![CDATA[edge]]>
              </value>
            </param>
          </params>
          <reporter-output>
          </reporter-output>
        </test-method> <!-- beforeMethod -->
        <test-method signature="registration_with_valid_data(java.lang.String,java.lang.String)[pri:1, instance:CP.TestClassCP@247d8ae]" started-at="2024-02-21T10:02:08 EST" name="registration_with_valid_data" description="registration_with_valid_data passed, reg test" finished-at="2024-02-21T10:02:12 EST" duration-ms="4931" status="PASS">
          <params>
            <param index="0">
              <value>
                <![CDATA[Mohamed]]>
              </value>
            </param>
            <param index="1">
              <value>
                <![CDATA[elsh]]>
              </value>
            </param>
          </params>
          <reporter-output>
          </reporter-output>
        </test-method> <!-- registration_with_valid_data -->
        <test-method is-config="true" signature="afterMethod()[pri:0, instance:CP.TestClassCP@247d8ae]" started-at="2024-02-21T10:02:12 EST" name="afterMethod" finished-at="2024-02-21T10:02:13 EST" duration-ms="776" status="PASS">
          <reporter-output>
          </reporter-output>
        </test-method> <!-- afterMethod -->
      </class> <!-- CP.TestClassCP -->
    </test> <!-- test1 -->
    <test started-at="2024-02-21T10:02:02 EST" name="test3" finished-at="2024-02-21T10:02:14 EST" duration-ms="11597">
      <class name="CP.TestClassCP">
        <test-method is-config="true" signature="beforeMethod(java.lang.String)[pri:0, instance:CP.TestClassCP@3a44431a]" started-at="2024-02-21T10:02:02 EST" name="beforeMethod" finished-at="2024-02-21T10:02:08 EST" duration-ms="5477" status="PASS">
          <params>
            <param index="0">
              <value>
                <![CDATA[Chrome]]>
              </value>
            </param>
          </params>
          <reporter-output>
          </reporter-output>
        </test-method> <!-- beforeMethod -->
        <test-method signature="registration_with_valid_data(java.lang.String,java.lang.String)[pri:1, instance:CP.TestClassCP@3a44431a]" started-at="2024-02-21T10:02:08 EST" name="registration_with_valid_data" description="registration_with_valid_data passed, reg test" finished-at="2024-02-21T10:02:14 EST" duration-ms="5960" status="PASS">
          <params>
            <param index="0">
              <value>
                <![CDATA[Abd]]>
              </value>
            </param>
            <param index="1">
              <value>
                <![CDATA[shantaf]]>
              </value>
            </param>
          </params>
          <reporter-output>
          </reporter-output>
        </test-method> <!-- registration_with_valid_data -->
        <test-method is-config="true" signature="afterMethod()[pri:0, instance:CP.TestClassCP@3a44431a]" started-at="2024-02-21T10:02:14 EST" name="afterMethod" finished-at="2024-02-21T10:02:14 EST" duration-ms="116" status="PASS">
          <reporter-output>
          </reporter-output>
        </test-method> <!-- afterMethod -->
      </class> <!-- CP.TestClassCP -->
    </test> <!-- test3 -->
    <test started-at="2024-02-21T10:02:02 EST" name="test2" finished-at="2024-02-21T10:02:15 EST" duration-ms="12836">
      <class name="CP.TestClassCP">
        <test-method is-config="true" signature="beforeMethod(java.lang.String)[pri:0, instance:CP.TestClassCP@434a63ab]" started-at="2024-02-21T10:02:02 EST" name="beforeMethod" finished-at="2024-02-21T10:02:10 EST" duration-ms="7399" status="PASS">
          <params>
            <param index="0">
              <value>
                <![CDATA[Firefox]]>
              </value>
            </param>
          </params>
          <reporter-output>
          </reporter-output>
        </test-method> <!-- beforeMethod -->
        <test-method signature="registration_with_valid_data(java.lang.String,java.lang.String)[pri:1, instance:CP.TestClassCP@434a63ab]" started-at="2024-02-21T10:02:10 EST" name="registration_with_valid_data" description="registration_with_valid_data passed, reg test" finished-at="2024-02-21T10:02:14 EST" duration-ms="4251" status="PASS">
          <params>
            <param index="0">
              <value>
                <![CDATA[Ahmad]]>
              </value>
            </param>
            <param index="1">
              <value>
                <![CDATA[hassan]]>
              </value>
            </param>
          </params>
          <reporter-output>
          </reporter-output>
        </test-method> <!-- registration_with_valid_data -->
        <test-method is-config="true" signature="afterMethod()[pri:0, instance:CP.TestClassCP@434a63ab]" started-at="2024-02-21T10:02:14 EST" name="afterMethod" finished-at="2024-02-21T10:02:15 EST" duration-ms="1144" status="PASS">
          <reporter-output>
          </reporter-output>
        </test-method> <!-- afterMethod -->
      </class> <!-- CP.TestClassCP -->
    </test> <!-- test2 -->
  </suite> <!-- regression -->
</testng-results>
