<?xml version="1.0" encoding="UTF-8"?>
<testng-results ignored="0" total="2" passed="2" failed="0" skipped="0">
  <reporter-output>
  </reporter-output>
  <suite started-at="2024-02-14T17:03:24 EST" name="Default suite" finished-at="2024-02-14T17:03:44 EST" duration-ms="19953">
    <groups>
    </groups>
    <test started-at="2024-02-14T17:03:24 EST" name="Default test" finished-at="2024-02-14T17:03:44 EST" duration-ms="19953">
      <class name="CP.CP_Test">
        <test-method is-config="true" signature="beforeMethod()[pri:0, instance:CP.CP_Test@247d8ae]" started-at="2024-02-14T17:03:24 EST" name="beforeMethod" finished-at="2024-02-14T17:03:27 EST" duration-ms="2589" status="PASS">
          <reporter-output>
          </reporter-output>
        </test-method> <!-- beforeMethod -->
        <test-method signature="registration_with_valid_data()[pri:1, instance:CP.CP_Test@247d8ae]" started-at="2024-02-14T17:03:27 EST" name="registration_with_valid_data" finished-at="2024-02-14T17:03:33 EST" duration-ms="6578" status="PASS">
          <reporter-output>
          </reporter-output>
        </test-method> <!-- registration_with_valid_data -->
        <test-method is-config="true" signature="afterMethod()[pri:0, instance:CP.CP_Test@247d8ae]" started-at="2024-02-14T17:03:33 EST" name="afterMethod" finished-at="2024-02-14T17:03:34 EST" duration-ms="346" status="PASS">
          <reporter-output>
          </reporter-output>
        </test-method> <!-- afterMethod -->
        <test-method is-config="true" signature="beforeMethod()[pri:0, instance:CP.CP_Test@247d8ae]" started-at="2024-02-14T17:03:34 EST" name="beforeMethod" finished-at="2024-02-14T17:03:38 EST" duration-ms="4451" status="PASS">
          <reporter-output>
          </reporter-output>
        </test-method> <!-- beforeMethod -->
        <test-method signature="ReTypeWrongPass()[pri:2, instance:CP.CP_Test@247d8ae]" started-at="2024-02-14T17:03:38 EST" name="ReTypeWrongPass" finished-at="2024-02-14T17:03:44 EST" duration-ms="5690" status="PASS">
          <reporter-output>
          </reporter-output>
        </test-method> <!-- ReTypeWrongPass -->
        <test-method is-config="true" signature="afterMethod()[pri:0, instance:CP.CP_Test@247d8ae]" started-at="2024-02-14T17:03:44 EST" name="afterMethod" finished-at="2024-02-14T17:03:44 EST" duration-ms="173" status="PASS">
          <reporter-output>
          </reporter-output>
        </test-method> <!-- afterMethod -->
      </class> <!-- CP.CP_Test -->
    </test> <!-- Default test -->
  </suite> <!-- Default suite -->
</testng-results>
